<?xml version="1.0" encoding="UTF-8"?>
<!-- Generated by org.testng.reporters.JUnitXMLReporter -->
<testsuite hostname="Naumans-PC" ignored="0" name="cv-library-uk-nauman" tests="7" failures="0" timestamp="2022-12-16T15:04:15 GMT" time="68.43" errors="0">
  <testcase name="verifyJobSearchResultUsingDifferentDataSet" time="5.374" classname="uk.co.library.testsuite.JobSearchTest"/>
  <testcase name="verifyJobSearchResultUsingDifferentDataSet" time="7.158" classname="uk.co.library.testsuite.JobSearchTest"/>
  <testcase name="verifyJobSearchResultUsingDifferentDataSet" time="6.702" classname="uk.co.library.testsuite.JobSearchTest"/>
  <testcase name="verifyJobSearchResultUsingDifferentDataSet" time="6.409" classname="uk.co.library.testsuite.JobSearchTest"/>
  <testcase name="verifyJobSearchResultUsingDifferentDataSet" time="4.967" classname="uk.co.library.testsuite.JobSearchTest"/>
  <testcase name="verifyJobSearchResultUsingDifferentDataSet" time="6.854" classname="uk.co.library.testsuite.JobSearchTest"/>
  <testcase name="verifyJobSearchResultUsingDifferentDataSet" time="7.28" classname="uk.co.library.testsuite.JobSearchTest"/>
</testsuite> <!-- cv-library-uk-nauman -->
